02:07:32         6.183060        172.927600      0.183486        0.068469        0.000000
                                                -0.001585        0.068470        0.000000
02:07:33         6.188657        172.928500      0.193484        0.068469        0.000000
                                                -0.001585        0.068470        0.000000
02:07:33         6.180163        172.929000      0.199040        0.068469        0.000000
                                                -0.001585        0.068470        0.000000
02:07:34         6.184350        172.929800      0.207661        0.020541        0.000000
                                                -0.001585        0.068470        0.000000
02:07:34         6.607738        172.930700      0.208224        0.020541        0.000000
                                                -0.001585        0.068470        0.000000
02:07:34         6.398233        172.931300      0.218433        0.020541        0.000000
                                                -0.001585        0.068470        0.000000
02:07:35         6.188238        172.931900      0.230660        0.020541        0.000000
                                                -0.001585        0.068470        0.000000
02:07:35         6.186535        172.933300      0.246047        0.020541        0.000000
                                                -0.001585        0.068470        0.000000
02:07:36         6.183259        172.933800      0.251745        0.020541        0.000000
                                                -0.001585        0.068470        0.000000
02:07:36         6.322267        172.934500      0.253561        0.020541        0.000000
                                                -0.001585        0.068470        0.000000
02:07:36         6.184136        172.935000      0.264212        0.020541        0.000000
                                                -0.001585        0.068470        0.000000
02:07:37         6.183291        172.936400      0.279134        0.020541        0.000000
                                                -0.001585        0.068470        0.000000
02:07:37         6.263257        172.936900      0.280932        0.020541        0.000000
                                                -0.001585        0.068470        0.000000
02:07:38         6.691983        172.937600      0.269282        0.020541        0.000000
                                                -0.001585        0.068470        0.000000
02:07:38         6.458302        172.938300      0.285127        0.020541        0.000000
                                                -0.001585        0.068470        0.000000
02:07:38         6.288750        172.938800      0.299332        0.020541        0.000000
                                                -0.001585        0.068470        0.000000
02:07:39         6.237434        172.939500      0.309174        0.013694        0.000000
                                                -0.001585        0.068470        0.000000
02:07:39         6.247975        172.940700      0.321540        0.013694        0.000000
                                                -0.001585        0.068470        0.000000
02:07:40         6.572858        172.941400      0.311648        0.013694        0.000000
                                                -0.001585        0.068470        0.000000
02:07:40         6.417422        172.941900      0.325058        0.013694        0.000000
                                                -0.001585        0.068470        0.000000